<?xml version="1.0" encoding="UTF-8"?>
<testng-results ignored="0" total="1" passed="1" failed="0" skipped="0">
  <reporter-output>
  </reporter-output>
  <suite started-at="2023-11-09T23:40:45 IST" name="Default suite" finished-at="2023-11-09T23:40:45 IST" duration-ms="35">
    <groups>
    </groups>
    <test started-at="2023-11-09T23:40:45 IST" name="Default test" finished-at="2023-11-09T23:40:45 IST" duration-ms="35">
      <class name="WorkingWithTestNG.WorkingwithConfigureAnnotation">
        <test-method is-config="true" signature="beforeSuit()[pri:0, instance:WorkingWithTestNG.WorkingwithConfigureAnnotation@70cf32e3]" started-at="2023-11-09T23:40:45 IST" name="beforeSuit" finished-at="2023-11-09T23:40:45 IST" duration-ms="6" status="PASS">
          <reporter-output>
          </reporter-output>
        </test-method> <!-- beforeSuit -->
        <test-method is-config="true" signature="beforeTest()[pri:0, instance:WorkingWithTestNG.WorkingwithConfigureAnnotation@70cf32e3]" started-at="2023-11-09T23:40:45 IST" name="beforeTest" finished-at="2023-11-09T23:40:45 IST" duration-ms="0" status="PASS">
          <reporter-output>
          </reporter-output>
        </test-method> <!-- beforeTest -->
        <test-method is-config="true" signature="beforeClass()[pri:0, instance:WorkingWithTestNG.WorkingwithConfigureAnnotation@70cf32e3]" started-at="2023-11-09T23:40:45 IST" name="beforeClass" finished-at="2023-11-09T23:40:45 IST" duration-ms="0" status="PASS">
          <reporter-output>
          </reporter-output>
        </test-method> <!-- beforeClass -->
        <test-method is-config="true" signature="beforeMethod()[pri:0, instance:WorkingWithTestNG.WorkingwithConfigureAnnotation@70cf32e3]" started-at="2023-11-09T23:40:45 IST" name="beforeMethod" finished-at="2023-11-09T23:40:45 IST" duration-ms="1" status="PASS">
          <reporter-output>
          </reporter-output>
        </test-method> <!-- beforeMethod -->
        <test-method signature="testCase01()[pri:0, instance:WorkingWithTestNG.WorkingwithConfigureAnnotation@70cf32e3]" started-at="2023-11-09T23:40:45 IST" name="testCase01" finished-at="2023-11-09T23:40:45 IST" duration-ms="4" status="PASS">
          <reporter-output>
          </reporter-output>
        </test-method> <!-- testCase01 -->
        <test-method is-config="true" signature="afterMethod()[pri:0, instance:WorkingWithTestNG.WorkingwithConfigureAnnotation@70cf32e3]" started-at="2023-11-09T23:40:45 IST" name="afterMethod" finished-at="2023-11-09T23:40:45 IST" duration-ms="0" status="PASS">
          <reporter-output>
          </reporter-output>
        </test-method> <!-- afterMethod -->
        <test-method is-config="true" signature="afterClass()[pri:0, instance:WorkingWithTestNG.WorkingwithConfigureAnnotation@70cf32e3]" started-at="2023-11-09T23:40:45 IST" name="afterClass" finished-at="2023-11-09T23:40:45 IST" duration-ms="0" status="PASS">
          <reporter-output>
          </reporter-output>
        </test-method> <!-- afterClass -->
        <test-method is-config="true" signature="afterTest()[pri:0, instance:WorkingWithTestNG.WorkingwithConfigureAnnotation@70cf32e3]" started-at="2023-11-09T23:40:45 IST" name="afterTest" finished-at="2023-11-09T23:40:45 IST" duration-ms="0" status="PASS">
          <reporter-output>
          </reporter-output>
        </test-method> <!-- afterTest -->
        <test-method is-config="true" signature="afterSuit()[pri:0, instance:WorkingWithTestNG.WorkingwithConfigureAnnotation@70cf32e3]" started-at="2023-11-09T23:40:45 IST" name="afterSuit" finished-at="2023-11-09T23:40:45 IST" duration-ms="0" status="PASS">
          <reporter-output>
          </reporter-output>
        </test-method> <!-- afterSuit -->
      </class> <!-- WorkingWithTestNG.WorkingwithConfigureAnnotation -->
    </test> <!-- Default test -->
  </suite> <!-- Default suite -->
</testng-results>
